[04-Apr-2025 15:58:59 UTC] PHP Fatal error:  Out of memory (allocated 77594624) (tried to allocate 20480 bytes) in /workspaces/UX308Assignment-2/.wordpress/wp-includes/class-wp-image-editor.php on line 572
[04-Apr-2025 15:58:59 UTC] PHP Fatal error:  Out of memory (allocated 41943040) (tried to allocate 2097152 bytes) in /workspaces/UX308Assignment-2/.wordpress/wp-content/plugins/ecommerce-product-catalog/modules/price/price-meta.php on line 31
[04-Apr-2025 15:58:59 UTC] PHP Fatal error:  Uncaught Error: Call to undefined function () in /workspaces/UX308Assignment-2/.wordpress/wp-includes/http.php:195
Stack trace:
#0 /workspaces/UX308Assignment-2/.wordpress/wp-content/plugins/ecommerce-product-catalog/includes/tracking.php(563): wp_remote_post('https://errors....', Array)
#1 /workspaces/UX308Assignment-2/.wordpress/wp-content/plugins/ecommerce-product-catalog/includes/tracking.php(481): IC_EPC_Tracking->send_paused_checkin(Array, true)
#2 [internal function]: IC_EPC_Tracking->fatal()
#3 {main}
  thrown in /workspaces/UX308Assignment-2/.wordpress/wp-includes/http.php on line 195
[04-Apr-2025 16:17:47 UTC] PHP Fatal error:  Out of memory (allocated 35651584) (tried to allocate 4096 bytes) in /workspaces/UX308Assignment-2/.wordpress/wp-includes/class-wp-theme-json.php on line 4262
[04-Apr-2025 16:17:47 UTC] PHP Fatal error:  Out of memory (allocated 35651584) (tried to allocate 8192 bytes) in /workspaces/UX308Assignment-2/.wordpress/wp-includes/functions.php on line 6893
[04-Apr-2025 16:17:47 UTC] PHP Fatal error:  Out of memory (allocated 33554432) (tried to allocate 2097152 bytes) in /workspaces/UX308Assignment-2/.wordpress/wp-content/plugins/ecommerce-product-catalog/modules/price/price-meta.php on line 130
[04-Apr-2025 16:17:48 UTC] PHP Fatal error:  Out of memory (allocated 31457280) (tried to allocate 2097152 bytes) in /workspaces/UX308Assignment-2/.wordpress/wp-content/plugins/ecommerce-product-catalog/modules/price/price-meta.php on line 130
[04-Apr-2025 16:17:49 UTC] PHP Fatal error:  Out of memory (allocated 29360128) (tried to allocate 2097152 bytes) in /workspaces/UX308Assignment-2/.wordpress/wp-content/plugins/ecommerce-product-catalog/modules/price/price-meta.php on line 130
[04-Apr-2025 16:17:49 UTC] PHP Fatal error:  Out of memory (allocated 29360128) (tried to allocate 2097152 bytes) in /workspaces/UX308Assignment-2/.wordpress/wp-content/plugins/ecommerce-product-catalog/modules/price/price-meta.php on line 130
[04-Apr-2025 16:17:49 UTC] PHP Fatal error:  Out of memory (allocated 29360128) (tried to allocate 2097152 bytes) in /workspaces/UX308Assignment-2/.wordpress/wp-content/plugins/ecommerce-product-catalog/modules/price/price-meta.php on line 130
[04-Apr-2025 16:17:49 UTC] PHP Fatal error:  Out of memory (allocated 29360128) (tried to allocate 2097152 bytes) in /workspaces/UX308Assignment-2/.wordpress/wp-content/plugins/ecommerce-product-catalog/modules/price/price-meta.php on line 130
[04-Apr-2025 16:17:50 UTC] PHP Fatal error:  Out of memory (allocated 29360128) (tried to allocate 2097152 bytes) in /workspaces/UX308Assignment-2/.wordpress/wp-content/plugins/ecommerce-product-catalog/modules/price/price-meta.php on line 130
[04-Apr-2025 16:17:50 UTC] PHP Fatal error:  Out of memory (allocated 29360128) (tried to allocate 2097152 bytes) in /workspaces/UX308Assignment-2/.wordpress/wp-content/plugins/ecommerce-product-catalog/modules/price/price-meta.php on line 130
[04-Apr-2025 16:17:50 UTC] PHP Fatal error:  Out of memory (allocated 29360128) (tried to allocate 2097152 bytes) in /workspaces/UX308Assignment-2/.wordpress/wp-content/plugins/ecommerce-product-catalog/modules/price/price-meta.php on line 130
[04-Apr-2025 16:17:50 UTC] PHP Fatal error:  Out of memory (allocated 29360128) (tried to allocate 2097152 bytes) in /workspaces/UX308Assignment-2/.wordpress/wp-content/plugins/ecommerce-product-catalog/modules/price/price-meta.php on line 130
[04-Apr-2025 16:17:51 UTC] PHP Fatal error:  Out of memory (allocated 29360128) (tried to allocate 2097152 bytes) in /workspaces/UX308Assignment-2/.wordpress/wp-content/plugins/ecommerce-product-catalog/modules/price/price-meta.php on line 130
[04-Apr-2025 16:18:22 UTC] PHP Fatal error:  Out of memory (allocated 29360128) (tried to allocate 2097152 bytes) in /workspaces/UX308Assignment-2/.wordpress/wp-content/plugins/ecommerce-product-catalog/modules/price/price-meta.php on line 130
[04-Apr-2025 16:18:38 UTC] PHP Fatal error:  Out of memory (allocated 29360128) (tried to allocate 2097152 bytes) in /workspaces/UX308Assignment-2/.wordpress/wp-content/plugins/ecommerce-product-catalog/modules/price/price-meta.php on line 130
[04-Apr-2025 16:18:42 UTC] PHP Fatal error:  Out of memory (allocated 29360128) (tried to allocate 2097152 bytes) in /workspaces/UX308Assignment-2/.wordpress/wp-content/plugins/ecommerce-product-catalog/modules/price/price-meta.php on line 31
[04-Apr-2025 16:19:08 UTC] PHP Fatal error:  Out of memory (allocated 29360128) (tried to allocate 2097152 bytes) in /workspaces/UX308Assignment-2/.wordpress/wp-content/plugins/ecommerce-product-catalog/modules/price/price-meta.php on line 130
[04-Apr-2025 16:19:08 UTC] PHP Fatal error:  Out of memory (allocated 29360128) (tried to allocate 2097152 bytes) in /workspaces/UX308Assignment-2/.wordpress/wp-content/plugins/ecommerce-product-catalog/modules/price/price-meta.php on line 130
[04-Apr-2025 16:19:08 UTC] PHP Fatal error:  Out of memory (allocated 29360128) (tried to allocate 2097152 bytes) in /workspaces/UX308Assignment-2/.wordpress/wp-content/plugins/ecommerce-product-catalog/modules/price/price-meta.php on line 130
[04-Apr-2025 16:19:09 UTC] PHP Fatal error:  Out of memory (allocated 29360128) (tried to allocate 2097152 bytes) in /workspaces/UX308Assignment-2/.wordpress/wp-content/plugins/ecommerce-product-catalog/modules/price/price-meta.php on line 130
[04-Apr-2025 16:19:09 UTC] PHP Fatal error:  Out of memory (allocated 29360128) (tried to allocate 2097152 bytes) in /workspaces/UX308Assignment-2/.wordpress/wp-content/plugins/ecommerce-product-catalog/modules/price/price-meta.php on line 130
[04-Apr-2025 16:19:09 UTC] PHP Fatal error:  Out of memory (allocated 29360128) (tried to allocate 2097152 bytes) in /workspaces/UX308Assignment-2/.wordpress/wp-content/plugins/ecommerce-product-catalog/modules/price/price-meta.php on line 130
[04-Apr-2025 16:19:09 UTC] PHP Fatal error:  Out of memory (allocated 29360128) (tried to allocate 2097152 bytes) in /workspaces/UX308Assignment-2/.wordpress/wp-content/plugins/ecommerce-product-catalog/modules/price/price-meta.php on line 130
[04-Apr-2025 16:19:10 UTC] PHP Fatal error:  Out of memory (allocated 29360128) (tried to allocate 2097152 bytes) in /workspaces/UX308Assignment-2/.wordpress/wp-content/plugins/ecommerce-product-catalog/modules/price/price-meta.php on line 130
[04-Apr-2025 16:19:10 UTC] PHP Fatal error:  Out of memory (allocated 29360128) (tried to allocate 2097152 bytes) in /workspaces/UX308Assignment-2/.wordpress/wp-content/plugins/ecommerce-product-catalog/modules/price/price-meta.php on line 130
[04-Apr-2025 16:19:10 UTC] PHP Fatal error:  Out of memory (allocated 29360128) (tried to allocate 2097152 bytes) in /workspaces/UX308Assignment-2/.wordpress/wp-content/plugins/ecommerce-product-catalog/modules/price/price-meta.php on line 130
[04-Apr-2025 16:19:10 UTC] PHP Fatal error:  Out of memory (allocated 29360128) (tried to allocate 2097152 bytes) in /workspaces/UX308Assignment-2/.wordpress/wp-content/plugins/ecommerce-product-catalog/modules/price/price-meta.php on line 130
[04-Apr-2025 16:19:10 UTC] PHP Fatal error:  Out of memory (allocated 29360128) (tried to allocate 2097152 bytes) in /workspaces/UX308Assignment-2/.wordpress/wp-content/plugins/ecommerce-product-catalog/modules/price/price-meta.php on line 130
[04-Apr-2025 16:19:11 UTC] PHP Fatal error:  Out of memory (allocated 29360128) (tried to allocate 2097152 bytes) in /workspaces/UX308Assignment-2/.wordpress/wp-content/plugins/ecommerce-product-catalog/modules/price/price-meta.php on line 130
[04-Apr-2025 16:19:42 UTC] PHP Fatal error:  Out of memory (allocated 29360128) (tried to allocate 2097152 bytes) in /workspaces/UX308Assignment-2/.wordpress/wp-content/plugins/ecommerce-product-catalog/modules/price/price-meta.php on line 31
[04-Apr-2025 16:20:19 UTC] PHP Fatal error:  Out of memory (allocated 29360128) (tried to allocate 2097152 bytes) in /workspaces/UX308Assignment-2/.wordpress/wp-content/plugins/ecommerce-product-catalog/modules/price/price-meta.php on line 130
[04-Apr-2025 16:20:31 UTC] PHP Fatal error:  Out of memory (allocated 29360128) (tried to allocate 2097152 bytes) in /workspaces/UX308Assignment-2/.wordpress/wp-content/plugins/ecommerce-product-catalog/modules/price/price-meta.php on line 130
[04-Apr-2025 16:20:31 UTC] PHP Fatal error:  Out of memory (allocated 29360128) (tried to allocate 2097152 bytes) in /workspaces/UX308Assignment-2/.wordpress/wp-content/plugins/ecommerce-product-catalog/modules/price/price-meta.php on line 130
[04-Apr-2025 16:20:31 UTC] PHP Fatal error:  Out of memory (allocated 29360128) (tried to allocate 2097152 bytes) in /workspaces/UX308Assignment-2/.wordpress/wp-content/plugins/ecommerce-product-catalog/modules/price/price-meta.php on line 130
[04-Apr-2025 16:20:32 UTC] PHP Fatal error:  Out of memory (allocated 29360128) (tried to allocate 2097152 bytes) in /workspaces/UX308Assignment-2/.wordpress/wp-content/plugins/ecommerce-product-catalog/modules/price/price-meta.php on line 130
[04-Apr-2025 16:20:32 UTC] PHP Fatal error:  Out of memory (allocated 29360128) (tried to allocate 2097152 bytes) in /workspaces/UX308Assignment-2/.wordpress/wp-content/plugins/ecommerce-product-catalog/modules/price/price-meta.php on line 130
[04-Apr-2025 16:20:32 UTC] PHP Fatal error:  Out of memory (allocated 29360128) (tried to allocate 2097152 bytes) in /workspaces/UX308Assignment-2/.wordpress/wp-content/plugins/ecommerce-product-catalog/modules/price/price-meta.php on line 130
[04-Apr-2025 16:20:33 UTC] PHP Fatal error:  Out of memory (allocated 29360128) (tried to allocate 2097152 bytes) in /workspaces/UX308Assignment-2/.wordpress/wp-content/plugins/ecommerce-product-catalog/modules/price/price-meta.php on line 130
[04-Apr-2025 16:20:37 UTC] PHP Fatal error:  Out of memory (allocated 29360128) (tried to allocate 2097152 bytes) in /workspaces/UX308Assignment-2/.wordpress/wp-content/plugins/ecommerce-product-catalog/modules/price/price-meta.php on line 130
[04-Apr-2025 16:20:42 UTC] PHP Fatal error:  Out of memory (allocated 29360128) (tried to allocate 2097152 bytes) in /workspaces/UX308Assignment-2/.wordpress/wp-content/plugins/ecommerce-product-catalog/modules/price/price-meta.php on line 31
[04-Apr-2025 16:20:51 UTC] PHP Fatal error:  Out of memory (allocated 29360128) (tried to allocate 2097152 bytes) in /workspaces/UX308Assignment-2/.wordpress/wp-content/plugins/ecommerce-product-catalog/modules/price/price-meta.php on line 130
[04-Apr-2025 16:21:30 UTC] PHP Fatal error:  Out of memory (allocated 29360128) (tried to allocate 2097152 bytes) in /workspaces/UX308Assignment-2/.wordpress/wp-content/plugins/ecommerce-product-catalog/modules/price/price-meta.php on line 130
[04-Apr-2025 16:21:42 UTC] PHP Fatal error:  Out of memory (allocated 29360128) (tried to allocate 2097152 bytes) in /workspaces/UX308Assignment-2/.wordpress/wp-content/plugins/ecommerce-product-catalog/modules/price/price-meta.php on line 31
[04-Apr-2025 16:22:42 UTC] PHP Fatal error:  Out of memory (allocated 29360128) (tried to allocate 2097152 bytes) in /workspaces/UX308Assignment-2/.wordpress/wp-content/plugins/ecommerce-product-catalog/modules/price/price-meta.php on line 31
[04-Apr-2025 16:23:42 UTC] PHP Fatal error:  Out of memory (allocated 29360128) (tried to allocate 2097152 bytes) in /workspaces/UX308Assignment-2/.wordpress/wp-content/plugins/ecommerce-product-catalog/modules/price/price-meta.php on line 31
[04-Apr-2025 16:24:42 UTC] PHP Fatal error:  Out of memory (allocated 29360128) (tried to allocate 2097152 bytes) in /workspaces/UX308Assignment-2/.wordpress/wp-content/plugins/ecommerce-product-catalog/modules/price/price-meta.php on line 31
[04-Apr-2025 16:25:34 UTC] PHP Fatal error:  Out of memory (allocated 29360128) (tried to allocate 2097152 bytes) in /workspaces/UX308Assignment-2/.wordpress/wp-content/plugins/ecommerce-product-catalog/modules/price/price-meta.php on line 122
[04-Apr-2025 16:25:36 UTC] PHP Fatal error:  Out of memory (allocated 29360128) (tried to allocate 2097152 bytes) in /workspaces/UX308Assignment-2/.wordpress/wp-content/plugins/ecommerce-product-catalog/modules/price/price-meta.php on line 122
[04-Apr-2025 16:25:37 UTC] PHP Fatal error:  Out of memory (allocated 29360128) (tried to allocate 2097152 bytes) in /workspaces/UX308Assignment-2/.wordpress/wp-content/plugins/ecommerce-product-catalog/modules/price/price-meta.php on line 122
[04-Apr-2025 16:25:41 UTC] PHP Fatal error:  Out of memory (allocated 29360128) (tried to allocate 2097152 bytes) in /workspaces/UX308Assignment-2/.wordpress/wp-content/plugins/ecommerce-product-catalog/modules/price/price-meta.php on line 130
[04-Apr-2025 16:25:41 UTC] PHP Fatal error:  Out of memory (allocated 29360128) (tried to allocate 2097152 bytes) in /workspaces/UX308Assignment-2/.wordpress/wp-content/plugins/ecommerce-product-catalog/modules/price/price-meta.php on line 130
[04-Apr-2025 16:25:41 UTC] PHP Fatal error:  Out of memory (allocated 29360128) (tried to allocate 2097152 bytes) in /workspaces/UX308Assignment-2/.wordpress/wp-content/plugins/ecommerce-product-catalog/modules/price/price-meta.php on line 130
[04-Apr-2025 16:25:42 UTC] PHP Fatal error:  Out of memory (allocated 29360128) (tried to allocate 2097152 bytes) in /workspaces/UX308Assignment-2/.wordpress/wp-content/plugins/ecommerce-product-catalog/modules/price/price-meta.php on line 130
[04-Apr-2025 16:25:42 UTC] PHP Fatal error:  Out of memory (allocated 29360128) (tried to allocate 2097152 bytes) in /workspaces/UX308Assignment-2/.wordpress/wp-content/plugins/ecommerce-product-catalog/modules/price/price-meta.php on line 130
[04-Apr-2025 16:25:42 UTC] PHP Fatal error:  Out of memory (allocated 29360128) (tried to allocate 2097152 bytes) in /workspaces/UX308Assignment-2/.wordpress/wp-content/plugins/ecommerce-product-catalog/modules/price/price-meta.php on line 130
[04-Apr-2025 16:25:42 UTC] PHP Fatal error:  Out of memory (allocated 29360128) (tried to allocate 2097152 bytes) in /workspaces/UX308Assignment-2/.wordpress/wp-content/plugins/ecommerce-product-catalog/modules/price/price-meta.php on line 130
[04-Apr-2025 16:25:43 UTC] PHP Fatal error:  Out of memory (allocated 29360128) (tried to allocate 2097152 bytes) in /workspaces/UX308Assignment-2/.wordpress/wp-content/plugins/ecommerce-product-catalog/modules/price/price-meta.php on line 130
[04-Apr-2025 16:25:43 UTC] PHP Fatal error:  Out of memory (allocated 29360128) (tried to allocate 2097152 bytes) in /workspaces/UX308Assignment-2/.wordpress/wp-content/plugins/ecommerce-product-catalog/modules/price/price-meta.php on line 130
[04-Apr-2025 16:25:43 UTC] PHP Fatal error:  Out of memory (allocated 29360128) (tried to allocate 2097152 bytes) in /workspaces/UX308Assignment-2/.wordpress/wp-content/plugins/ecommerce-product-catalog/modules/price/price-meta.php on line 130
[04-Apr-2025 16:25:43 UTC] PHP Fatal error:  Out of memory (allocated 29360128) (tried to allocate 2097152 bytes) in /workspaces/UX308Assignment-2/.wordpress/wp-content/plugins/ecommerce-product-catalog/modules/price/price-meta.php on line 130
[04-Apr-2025 16:25:44 UTC] PHP Fatal error:  Out of memory (allocated 29360128) (tried to allocate 2097152 bytes) in /workspaces/UX308Assignment-2/.wordpress/wp-content/plugins/ecommerce-product-catalog/modules/price/price-meta.php on line 130
[04-Apr-2025 16:25:44 UTC] PHP Fatal error:  Out of memory (allocated 29360128) (tried to allocate 2097152 bytes) in /workspaces/UX308Assignment-2/.wordpress/wp-content/plugins/ecommerce-product-catalog/modules/price/price-meta.php on line 130
[04-Apr-2025 16:25:44 UTC] PHP Fatal error:  Out of memory (allocated 29360128) (tried to allocate 2097152 bytes) in /workspaces/UX308Assignment-2/.wordpress/wp-content/plugins/ecommerce-product-catalog/ext-comp/index.php on line 49
[04-Apr-2025 16:25:44 UTC] PHP Fatal error:  Out of memory (allocated 29360128) (tried to allocate 2097152 bytes) in /workspaces/UX308Assignment-2/.wordpress/wp-content/plugins/ecommerce-product-catalog/modules/price/price-meta.php on line 31
[04-Apr-2025 16:26:57 UTC] PHP Fatal error:  Out of memory (allocated 29360128) (tried to allocate 2097152 bytes) in /workspaces/UX308Assignment-2/.wordpress/wp-content/plugins/ecommerce-product-catalog/modules/price/price-settings.php on line 21
[04-Apr-2025 16:29:04 UTC] PHP Fatal error:  Out of memory (allocated 29360128) (tried to allocate 2097152 bytes) in /workspaces/UX308Assignment-2/.wordpress/wp-content/plugins/ecommerce-product-catalog/modules/price/price-settings.php on line 21
[04-Apr-2025 19:43:09 UTC] PHP Warning:  Undefined variable $parent_theme_name in /workspaces/UX308Assignments/.wordpress/wp-content/mu-plugins/one-click-child-theme/templates/create_child_form.php on line 18
